C51 COMPILER V9.01   MAIN                                                                  12/11/2021 15:17:17 PAGE 1   


C51 COMPILER V9.01, COMPILATION OF MODULE MAIN
OBJECT MODULE PLACED IN main.OBJ
COMPILER INVOKED BY: C:\Keil\C51\BIN\C51.EXE main.c BROWSE DEBUG OBJECTEXTEND

line level    source

   1          #include <REGX52.H>        // khai bao thu vien
   2          sbit DATA=P3^2;
   3          sbit STR=P3^1;
   4          sbit SCK=P3^0;
   5          
   6          void delay(int a)  // ham delay
   7          {
   8   1      int c,b;
   9   1      for(c=0;c<a;c++)
  10   1              {
  11   2                      for(b=0;b<125;b++)
  12   2                              {}
  13   2              }
  14   1      }
  15          
  16          unsigned char code cot[]={0x01,0x02,0x04,0x08,0x10,0x20,0x40,0x80};
  17          
  18          unsigned char code hang[]={             0xFF,0xFF,0xFF,0xFF,0xFF,0xFF,0xFF,0xFF,
  19                                                                          0xFF,0xFF,0xFF,0xFF,0xFF,0xFF,0xFF,0xFF,
  20                                                                          0xFF,0xFF,0xFF,0xFF,0xFF,0xFF,0xFF,0xFF,
  21                                                                          0xc0,0x80,0x7F,0xBF,0xDF,0xBF,0x7F,0x80, //w
  22                                                                      0xFF,0x81,0x00,0x76,0x76,0x7E,0xFF,0xFF, //e
  23                                                                      0xFF,0x80,0x00,0x7F,0x7F,0x7F,0xFF,0xFF, //l
  24                                                                      0xFF,0xC3,0x81,0x7E,0x7E,0x7E,0xBD,0xFF, //c
  25                                                                      0xFF,0xC3,0x81,0x7E,0x7E,0x7E,0x81,0xC3, //o
  26                                                                      0xFF,0x00,0x01,0xFB,0xF7,0xFB,0x01,0x00, //m
  27                                                                      0xFF,0x81,0x00,0x76,0x76,0x7E,0xFF,0xFF, //e
  28                                                                          0xFF,0xFF,0xFF,0xFF,0xFF,0xFF,0xFF,0xFF,
  29                                                                          0xFF,0xFF,0xFF,0xFF,0xFF,0xFF,0xFF,0xFF,
  30                                                                          0xFF,0xFF,0xFF,0xFF,0xFF,0xFF,0xFF,0xFF
  31                                                                  };
  32          
  33          
  34          
  35          void input(unsigned char x)
  36          {
  37   1              unsigned char temp, i;
  38   1              for(i=0;i<8;i++)
  39   1              {
  40   2                      temp=x&0x80;
  41   2                      if(temp==0x80)
  42   2                              DATA=1;
  43   2                      else DATA=0;
  44   2                      x=x*2;
  45   2                      SCK=0;
  46   2                      SCK=1;
  47   2              }
  48   1      } 
  49          
  50          
  51          void main()
  52          {
  53   1      
  54   1      int i,j,k;
  55   1      while(1)
C51 COMPILER V9.01   MAIN                                                                  12/11/2021 15:17:17 PAGE 2   

  56   1              {
  57   2                      for(i=0;i<50;i++)
  58   2                              {
  59   3                                      for(j=0;j<20;j++)
  60   3                                              {
  61   4                                                      for(k=0;k<8;k++)
  62   4                                                              {
  63   5                                                              input(hang[i+k+24]);
  64   5                                                              input(hang[i+k+16]);
  65   5                                                              input(hang[i+k+8]);
  66   5                                                              input(hang[i+k]);
  67   5                                                              STR=0;
  68   5                                                              STR=1;
  69   5                                                              P2=cot[k];
  70   5                                                              delay(5);
  71   5                                                              P2=0x00;
  72   5                                                              }
  73   4                                              }
  74   3                              }
  75   2              }
  76   1      } 


MODULE INFORMATION:   STATIC OVERLAYABLE
   CODE SIZE        =    266    ----
   CONSTANT SIZE    =    112    ----
   XDATA SIZE       =   ----    ----
   PDATA SIZE       =   ----    ----
   DATA SIZE        =   ----       6
   IDATA SIZE       =   ----    ----
   BIT SIZE         =   ----    ----
END OF MODULE INFORMATION.


C51 COMPILATION COMPLETE.  0 WARNING(S),  0 ERROR(S)
